<?xml version="1.0" encoding="utf-8"?><testsuites name="pytest tests"><testsuite name="pytest" errors="0" failures="0" skipped="0" tests="110" time="1.545" timestamp="2026-09-21T03:36:07.335466+07:00" hostname="DESKTOP-7UG1NUV"><testcase classname="tests.unit.test_create_bbox_mask" name="test_public_rectangle_baselines_use_half_open_xy_coordinates" time="0.015" /><testcase classname="tests.unit.test_create_bbox_mask" name="test_clipping_and_degenerate_boxes[bbox0-8]" time="0.001" /><testcase classname="tests.unit.test_create_bbox_mask" name="test_clipping_and_degenerate_boxes[bbox1-6]" time="0.001" /><testcase classname="tests.unit.test_create_bbox_mask" name="test_clipping_and_degenerate_boxes[bbox2-4]" time="0.000" /><testcase classname="tests.unit.test_create_bbox_mask" name="test_clipping_and_degenerate_boxes[bbox3-24]" time="0.000" /><testcase classname="tests.unit.test_create_bbox_mask" name="test_clipping_and_degenerate_boxes[bbox4-1]" time="0.001" /><testcase classname="tests.unit.test_create_bbox_mask" name="test_clipping_and_degenerate_boxes[bbox5-0]" time="0.001" /><testcase classname="tests.unit.test_create_bbox_mask" name="test_clipping_and_degenerate_boxes[bbox6-0]" time="0.001" /><testcase classname="tests.unit.test_create_bbox_mask" name="test_clipping_and_degenerate_boxes[bbox7-0]" time="0.001" /><testcase classname="tests.unit.test_create_bbox_mask" name="test_clipping_and_degenerate_boxes[bbox8-0]" time="0.000" /><testcase classname="tests.unit.test_create_bbox_mask" name="test_clipping_and_degenerate_boxes[bbox9-0]" time="0.000" /><testcase classname="tests.unit.test_create_bbox_mask" name="test_clipping_and_degenerate_boxes[bbox10-0]" time="0.000" /><testcase classname="tests.unit.test_create_bbox_mask" name="test_clipping_and_degenerate_boxes[bbox11-0]" time="0.000" /><testcase classname="tests.unit.test_create_bbox_mask" name="test_one_pixel_and_row_column_boxes_keep_orientation" time="0.001" /><testcase classname="tests.unit.test_create_bbox_mask" name="test_reversed_bbox_is_rejected_before_clipping[bbox0]" time="0.000" /><testcase classname="tests.unit.test_create_bbox_mask" name="test_reversed_bbox_is_rejected_before_clipping[bbox1]" time="0.000" /><testcase classname="tests.unit.test_create_bbox_mask" name="test_reversed_bbox_is_rejected_before_clipping[bbox2]" time="0.001" /><testcase classname="tests.unit.test_create_bbox_mask" name="test_shape_must_be_a_two_element_one_dimensional_vector[shape0-bbox0]" time="0.001" /><testcase classname="tests.unit.test_create_bbox_mask" name="test_shape_must_be_a_two_element_one_dimensional_vector[shape1-bbox1]" time="0.000" /><testcase classname="tests.unit.test_create_bbox_mask" name="test_shape_must_be_a_two_element_one_dimensional_vector[shape2-bbox2]" time="0.000" /><testcase classname="tests.unit.test_create_bbox_mask" name="test_shape_container_type_is_not_coerced[None]" time="0.000" /><testcase classname="tests.unit.test_create_bbox_mask" name="test_shape_container_type_is_not_coerced[4,6]" time="0.000" /><testcase classname="tests.unit.test_create_bbox_mask" name="test_shape_container_type_is_not_coerced[value2]" time="0.000" /><testcase classname="tests.unit.test_create_bbox_mask" name="test_shape_container_type_is_not_coerced[4]" time="0.000" /><testcase classname="tests.unit.test_create_bbox_mask" name="test_shape_scalars_must_be_integers[value0]" time="0.000" /><testcase classname="tests.unit.test_create_bbox_mask" name="test_shape_scalars_must_be_integers[value1]" time="0.000" /><testcase classname="tests.unit.test_create_bbox_mask" name="test_shape_scalars_must_be_integers[value2]" time="0.000" /><testcase classname="tests.unit.test_create_bbox_mask" name="test_shape_scalars_must_be_integers[value3]" time="0.000" /><testcase classname="tests.unit.test_create_bbox_mask" name="test_shape_scalars_must_be_integers[value4]" time="0.001" /><testcase classname="tests.unit.test_create_bbox_mask" name="test_bbox_length_and_dimension_are_validated[bbox0]" time="0.001" /><testcase classname="tests.unit.test_create_bbox_mask" name="test_bbox_length_and_dimension_are_validated[bbox1]" time="0.000" /><testcase classname="tests.unit.test_create_bbox_mask" name="test_bbox_length_and_dimension_are_validated[bbox2]" time="0.000" /><testcase classname="tests.unit.test_create_bbox_mask" name="test_bbox_scalars_must_be_integers[bbox0]" time="0.000" /><testcase classname="tests.unit.test_create_bbox_mask" name="test_bbox_scalars_must_be_integers[bbox1]" time="0.000" /><testcase classname="tests.unit.test_create_bbox_mask" name="test_bbox_scalars_must_be_integers[bbox2]" time="0.000" /><testcase classname="tests.unit.test_create_bbox_mask" name="test_negative_feather_radius_is_rejected_for_empty_and_full_boxes[-1]" time="0.000" /><testcase classname="tests.unit.test_create_bbox_mask" name="test_negative_feather_radius_is_rejected_for_empty_and_full_boxes[radius1]" time="0.000" /><testcase classname="tests.unit.test_create_bbox_mask" name="test_non_integer_feather_radius_is_rejected_for_empty_and_full_boxes[True]" time="0.000" /><testcase classname="tests.unit.test_create_bbox_mask" name="test_non_integer_feather_radius_is_rejected_for_empty_and_full_boxes[radius1]" time="0.000" /><testcase classname="tests.unit.test_create_bbox_mask" name="test_non_integer_feather_radius_is_rejected_for_empty_and_full_boxes[2.5]" time="0.000" /><testcase classname="tests.unit.test_create_bbox_mask" name="test_non_integer_feather_radius_is_rejected_for_empty_and_full_boxes[15]" time="0.001" /><testcase classname="tests.unit.test_create_bbox_mask" name="test_numpy_integers_read_only_inputs_and_output_ownership" time="0.001" /><testcase classname="tests.unit.test_create_bbox_mask" name="test_invalid_positive_shape_dimensions_are_rejected" time="0.000" /><testcase classname="tests.unit.test_bbox_mask_fixtures" name="test_fixture_manifest_checksums_are_intact" time="0.121" /><testcase classname="tests.unit.test_bbox_mask_fixtures" name="test_hard_fixture_cases_match_coordinate_oracle" time="0.054" /><testcase classname="tests.unit.test_bbox_mask_fixtures" name="test_soft_fixture_cases_match_scipy_reference" time="0.409" /><testcase classname="tests.unit.test_create_soft_mask" name="test_zero_and_one_masks_are_constant_at_the_edges" time="0.001" /><testcase classname="tests.unit.test_create_soft_mask" name="test_zero_and_one_radius_only_normalize[0]" time="0.001" /><testcase classname="tests.unit.test_create_soft_mask" name="test_zero_and_one_radius_only_normalize[1]" time="0.001" /><testcase classname="tests.unit.test_create_soft_mask" name="test_impulse_matches_independent_gaussian_equation" time="0.001" /><testcase classname="tests.unit.test_create_soft_mask" name="test_encodings_match[bool]" time="0.488" /><testcase classname="tests.unit.test_create_soft_mask" name="test_encodings_match[01]" time="0.002" /><testcase classname="tests.unit.test_create_soft_mask" name="test_encodings_match[0255]" time="0.001" /><testcase classname="tests.unit.test_create_soft_mask" name="test_even_parameter_rounds_to_the_same_kernel_as_next_odd" time="0.001" /><testcase classname="tests.unit.test_create_soft_mask" name="test_non_contiguous_input_is_supported" time="0.001" /><testcase classname="tests.unit.test_create_soft_mask" name="test_invalid_shapes_raise_value_error[mask0]" time="0.000" /><testcase classname="tests.unit.test_create_soft_mask" name="test_invalid_shapes_raise_value_error[mask1]" time="0.000" /><testcase classname="tests.unit.test_create_soft_mask" name="test_invalid_shapes_raise_value_error[mask2]" time="0.000" /><testcase classname="tests.unit.test_create_soft_mask" name="test_invalid_array_types_raise_type_error[mask0]" time="0.000" /><testcase classname="tests.unit.test_create_soft_mask" name="test_invalid_array_types_raise_type_error[mask1]" time="0.001" /><testcase classname="tests.unit.test_create_soft_mask" name="test_invalid_array_types_raise_type_error[mask2]" time="0.000" /><testcase classname="tests.unit.test_create_soft_mask" name="test_invalid_array_types_raise_type_error[mask3]" time="0.000" /><testcase classname="tests.unit.test_create_soft_mask" name="test_invalid_uint8_values_raise_value_error" time="0.000" /><testcase classname="tests.unit.test_create_soft_mask" name="test_negative_radius_raises_value_error[-1]" time="0.000" /><testcase classname="tests.unit.test_create_soft_mask" name="test_negative_radius_raises_value_error[feather_radius1]" time="0.000" /><testcase classname="tests.unit.test_create_soft_mask" name="test_non_integer_radius_raises_type_error[True]" time="0.000" /><testcase classname="tests.unit.test_create_soft_mask" name="test_non_integer_radius_raises_type_error[feather_radius1]" time="0.000" /><testcase classname="tests.unit.test_create_soft_mask" name="test_non_integer_radius_raises_type_error[2.5]" time="0.000" /><testcase classname="tests.unit.test_create_soft_mask" name="test_non_integer_radius_raises_type_error[15]" time="0.000" /><testcase classname="tests.unit.test_create_soft_mask" name="test_output_contract_and_input_immutability" time="0.002" /><testcase classname="tests.unit.test_blend_regions" name="test_documented_fixture_cases[w3c_opaque]" time="0.002" /><testcase classname="tests.unit.test_blend_regions" name="test_documented_fixture_cases[w3c_half]" time="0.001" /><testcase classname="tests.unit.test_blend_regions" name="test_documented_fixture_cases[spatial_2x2]" time="0.001" /><testcase classname="tests.unit.test_blend_regions" name="test_documented_fixture_cases[dyadic]" time="0.003" /><testcase classname="tests.unit.test_blend_regions" name="test_documented_fixture_cases[random]" time="0.002" /><testcase classname="tests.unit.test_blend_regions" name="test_documented_fixture_cases[same]" time="0.001" /><testcase classname="tests.unit.test_blend_regions" name="test_documented_fixture_cases[zero]" time="0.001" /><testcase classname="tests.unit.test_blend_regions" name="test_documented_fixture_cases[one]" time="0.002" /><testcase classname="tests.unit.test_blend_regions" name="test_documented_fixture_cases[none]" time="0.002" /><testcase classname="tests.unit.test_blend_regions" name="test_documented_fixture_cases[near_integer]" time="0.002" /><testcase classname="tests.unit.test_blend_regions" name="test_w3c_half_alpha_and_spatial_mask" time="0.005" /><testcase classname="tests.unit.test_blend_regions" name="test_none_mask_returns_a_copy_of_processed_image" time="0.001" /><testcase classname="tests.unit.test_blend_regions" name="test_zero_one_and_equal_channels_are_exact" time="0.001" /><testcase classname="tests.unit.test_blend_regions" name="test_dyadic_alpha_matches_independent_integer_oracle" time="0.000" /><testcase classname="tests.unit.test_blend_regions" name="test_non_contiguous_and_read_only_inputs_are_supported" time="0.005" /><testcase classname="tests.unit.test_blend_regions" name="test_invalid_original_image_is_rejected[bad_original0]" time="0.001" /><testcase classname="tests.unit.test_blend_regions" name="test_invalid_original_image_is_rejected[bad_original1]" time="0.000" /><testcase classname="tests.unit.test_blend_regions" name="test_invalid_original_image_is_rejected[bad_original2]" time="0.001" /><testcase classname="tests.unit.test_blend_regions" name="test_invalid_original_image_is_rejected[bad_original3]" time="0.001" /><testcase classname="tests.unit.test_blend_regions" name="test_invalid_original_image_is_rejected[bad_original4]" time="0.000" /><testcase classname="tests.unit.test_blend_regions" name="test_image_shape_and_dtype_mismatches_are_rejected" time="0.000" /><testcase classname="tests.unit.test_blend_regions" name="test_invalid_mask_type_or_shape_is_rejected[bad_mask0-TypeError]" time="0.000" /><testcase classname="tests.unit.test_blend_regions" name="test_invalid_mask_type_or_shape_is_rejected[bad_mask1-TypeError]" time="0.000" /><testcase classname="tests.unit.test_blend_regions" name="test_invalid_mask_type_or_shape_is_rejected[bad_mask2-TypeError]" time="0.000" /><testcase classname="tests.unit.test_blend_regions" name="test_invalid_mask_type_or_shape_is_rejected[bad_mask3-TypeError]" time="0.000" /><testcase classname="tests.unit.test_blend_regions" name="test_invalid_mask_type_or_shape_is_rejected[bad_mask4-ValueError]" time="0.001" /><testcase classname="tests.unit.test_blend_regions" name="test_invalid_mask_type_or_shape_is_rejected[bad_mask5-ValueError]" time="0.001" /><testcase classname="tests.unit.test_blend_regions" name="test_invalid_mask_type_or_shape_is_rejected[bad_mask6-ValueError]" time="0.001" /><testcase classname="tests.unit.test_blend_regions" name="test_invalid_mask_type_or_shape_is_rejected[bad_mask7-TypeError]" time="0.001" /><testcase classname="tests.unit.test_blend_regions" name="test_invalid_mask_values_are_rejected[-0.01]" time="0.000" /><testcase classname="tests.unit.test_blend_regions" name="test_invalid_mask_values_are_rejected[1.01]" time="0.000" /><testcase classname="tests.unit.test_blend_regions" name="test_invalid_mask_values_are_rejected[nan]" time="0.000" /><testcase classname="tests.unit.test_blend_regions" name="test_invalid_mask_values_are_rejected[inf]" time="0.000" /><testcase classname="tests.unit.test_blend_regions" name="test_invalid_mask_values_are_rejected[-inf]" time="0.000" /><testcase classname="tests.unit.test_region_engine" name="test_soft_mask_creation" time="0.001" /><testcase classname="tests.unit.test_region_engine" name="test_blend_regions" time="0.001" /><testcase classname="tests.unit.test_region_engine" name="test_spatial_quadrant_mask" time="0.001" /><testcase classname="tests.integration.test_region_blending" name="test_create_soft_mask_then_apply_region_op_matches_direct_blend" time="0.001" /><testcase classname="tests.integration.test_region_blending" name="test_processing_engine_gamma_wrapper_blends_full_frame_result" time="0.001" /><testcase classname="tests.integration.test_region_blending" name="test_bbox_mask_flows_into_region_blending" time="0.001" /></testsuite></testsuites>